<?xml version="1.0" encoding="UTF-8"?>
<testsuite xmlns:xsi="http://www.w3.org/2001/XMLSchema-instance" xsi:noNamespaceSchemaLocation="https://maven.apache.org/surefire/maven-surefire-plugin/xsd/surefire-test-report.xsd" name="Step_Definition.TestRunner" time="20.157" tests="1" errors="1" skipped="0" failures="0">
  <properties>
[...]
</properties>
  <testcase name="To Validate Release Date and Extract Country of movie Pushpa" classname="Comparing the Release date and Extract Country of &quot;Pushpa: The Rise&quot; on IMDB and Wiki" time="19.115">
    <error message="com.sun.proxy.$Proxy15 cannot be cast to org.openqa.selenium.By" type="java.lang.ClassCastException">java.lang.ClassCastException: com.sun.proxy.$Proxy15 cannot be cast to org.openqa.selenium.By
</error>
    <system-out><![CDATA[ INFO [main] (movieStepDef.java:35)- *****************Entering 'Pushpa:The Rise' in Search Bar********************
 INFO [main] (movieStepDef.java:42)- **************User clicked on the Search Icon after entering the Movie Name*********************
 INFO [main] (movieStepDef.java:49)- **************User clicked on the Search Icon after entering the Movie Name*********************
]]></system-out>
    <system-err><![CDATA[log4j:WARN No such property [tittle] in org.apache.log4j.HTMLLayout.
Starting ChromeDriver 104.0.5112.79 (3cf3e8c8a07d104b9e1260c910efb8f383285dc5-refs/branch-heads/5112@{#1307}) on port 15355
Only local connections are allowed.
Please see https://chromedriver.chromium.org/security-considerations for suggestions on keeping ChromeDriver safe.
ChromeDriver was started successfully.
Aug 30, 2022 10:35:32 AM org.openqa.selenium.remote.ProtocolHandshake createSession
INFO: Detected dialect: W3C
]]></system-err>
  </testcase>
</testsuite>